This is pdfTeXk, Version 3.141592-1.40.3 (Web2C 7.5.6) (format=pdflatex 2010.1.20)  19 JUL 2013 09:03
entering extended mode
\write18 enabled.
 %&-line parsing enabled.
**tikz_beamer.tex
(./tikz_beamer.tex
LaTeX2e <2005/12/01>
Babel <v3.8h> and hyphenation patterns for english, usenglishmax, dumylang, noh
yphenation, arabic, basque, bulgarian, coptic, welsh, czech, slovak, german, ng
erman, danish, esperanto, spanish, catalan, galician, estonian, farsi, finnish,
 french, greek, monogreek, ancientgreek, croatian, hungarian, interlingua, ibyc
us, indonesian, icelandic, italian, latin, mongolian, dutch, norsk, polish, por
tuguese, pinyin, romanian, russian, slovenian, uppersorbian, serbian, swedish, 
turkish, ukenglish, ukrainian, loaded.
(/usr/local/texlive/2007/texmf-dist/tex/latex/beamer/beamer.cls
(/usr/local/texlive/2007/texmf-dist/tex/latex/beamer/beamerbasercs.sty
Package: beamerbasercs 2004/10/07 (rcs-revision 1.3)
)
Document Class: beamer 2005/10/23 cvs version 3.06 A class for typesetting pres
entations (rcs-revision 1.67)
(/usr/local/texlive/2007/texmf-dist/tex/latex/beamer/beamerbasemodes.sty
Package: beamerbasemodes 2004/12/09 (rcs-revision 1.21)
\beamer@tempbox=\box26
\beamer@tempcount=\count79
\c@beamerpauses=\count80

(/usr/local/texlive/2007/texmf-dist/tex/latex/beamer/beamerbasedecode.sty
Package: beamerbasedecode 2005/05/09 (rcs-revision 1.18)
\beamer@slideinframe=\count81
\beamer@minimum=\count82
)
\beamer@commentbox=\box27
\beamer@modecount=\count83
)
\headheight=\dimen102
\headdp=\dimen103
\footheight=\dimen104
\sidebarheight=\dimen105
\beamer@tempdim=\dimen106
\beamer@finalheight=\dimen107
\beamer@animht=\dimen108
\beamer@animdp=\dimen109
\beamer@animwd=\dimen110
\beamer@leftmargin=\dimen111
\beamer@rightmargin=\dimen112
\beamer@leftsidebar=\dimen113
\beamer@rightsidebar=\dimen114
\beamer@boxsize=\dimen115
\beamer@vboxoffset=\dimen116
\beamer@descdefault=\dimen117
\beamer@descriptionwidth=\dimen118
\beamer@lastskip=\skip41
\beamer@areabox=\box28
\beamer@animcurrent=\box29
\beamer@animshowbox=\box30
\beamer@sectionbox=\box31
\beamer@logobox=\box32
\beamer@linebox=\box33
\beamer@sectioncount=\count84
\beamer@subsubsectionmax=\count85
\beamer@subsectionmax=\count86
\beamer@sectionmax=\count87
\beamer@totalheads=\count88
\beamer@headcounter=\count89
\beamer@partstartpage=\count90
\beamer@sectionstartpage=\count91
\beamer@subsectionstartpage=\count92
\beamer@animationtempa=\count93
\beamer@animationtempb=\count94
\beamer@xpos=\count95
\beamer@ypos=\count96
\beamer@showpartnumber=\count97
\beamer@currentsubsection=\count98
\beamer@coveringdepth=\count99
\beamer@sectionadjust=\count100
\beamer@tocsectionnumber=\count101

(/usr/local/texlive/2007/texmf-dist/tex/latex/beamer/beamerbaseoptions.sty
Package: beamerbaseoptions 2004/11/15 (rcs-revision 1.7)

(/usr/local/texlive/2007/texmf-dist/tex/latex/graphics/keyval.sty
Package: keyval 1999/03/16 v1.13 key=value parser (DPC)
\KV@toks@=\toks14
))
(/Users/david/Library/texmf/tex/latex/pgf/tex/latex/pgf/basiclayer/pgfcore.sty
(/usr/local/texlive/2007/texmf-dist/tex/latex/graphics/graphicx.sty
Package: graphicx 1999/02/16 v1.0f Enhanced LaTeX Graphics (DPC,SPQR)

(/usr/local/texlive/2007/texmf-dist/tex/latex/graphics/graphics.sty
Package: graphics 2006/02/20 v1.0o Standard LaTeX Graphics (DPC,SPQR)

(/usr/local/texlive/2007/texmf-dist/tex/latex/graphics/trig.sty
Package: trig 1999/03/16 v1.09 sin cos tan (DPC)
)
(/usr/local/texlive/2007/texmf/tex/latex/config/graphics.cfg
File: graphics.cfg 2007/01/18 v1.5 graphics configuration of teTeX/TeXLive
)
Package graphics Info: Driver file: pdftex.def on input line 90.

(/usr/local/texlive/2007/texmf-dist/tex/latex/pdftex-def/pdftex.def
File: pdftex.def 2007/01/08 v0.04d Graphics/color for pdfTeX
\Gread@gobject=\count102
))
\Gin@req@height=\dimen119
\Gin@req@width=\dimen120
)
(/Users/david/Library/texmf/tex/latex/pgf/tex/latex/pgf/systemlayer/pgfsys.sty
(/Users/david/Library/texmf/tex/latex/pgf/tex/latex/pgf/utilities/pgfrcs.sty
(/Users/david/Library/texmf/tex/latex/pgf/tex/generic/pgf/utilities/pgfutil-com
mon.tex
\pgfutil@everybye=\toks15
)
(/Users/david/Library/texmf/tex/latex/pgf/tex/generic/pgf/utilities/pgfutil-lat
ex.def
\pgfutil@abb=\box34
 (/usr/local/texlive/2007/texmf-dist/tex/latex/everyshi/everyshi.sty
Package: everyshi 2001/05/15 v3.00 EveryShipout Package (MS)
))
(/Users/david/Library/texmf/tex/latex/pgf/tex/generic/pgf/utilities/pgfrcs.code
.tex
Package: pgfrcs 2010/10/25 v2.10 (rcs-revision 1.24)
))
(/Users/david/Library/texmf/tex/latex/pgf/tex/generic/pgf/systemlayer/pgfsys.co
de.tex
Package: pgfsys 2010/06/30 v2.10 (rcs-revision 1.37)

(/Users/david/Library/texmf/tex/latex/pgf/tex/generic/pgf/utilities/pgfkeys.cod
e.tex
\pgfkeys@pathtoks=\toks16
\pgfkeys@temptoks=\toks17

(/Users/david/Library/texmf/tex/latex/pgf/tex/generic/pgf/utilities/pgfkeysfilt
ered.code.tex
\pgfkeys@tmptoks=\toks18
))
\pgf@x=\dimen121
\pgf@y=\dimen122
\pgf@xa=\dimen123
\pgf@ya=\dimen124
\pgf@xb=\dimen125
\pgf@yb=\dimen126
\pgf@xc=\dimen127
\pgf@yc=\dimen128
\w@pgf@writea=\write3
\r@pgf@reada=\read1
\c@pgf@counta=\count103
\c@pgf@countb=\count104
\c@pgf@countc=\count105
\c@pgf@countd=\count106

(/Users/david/Library/texmf/tex/latex/pgf/tex/generic/pgf/systemlayer/pgf.cfg
File: pgf.cfg 2008/05/14  (rcs-revision 1.7)
)
Package pgfsys Info: Driver file for pgf: pgfsys-pdftex.def on input line 900.

(/Users/david/Library/texmf/tex/latex/pgf/tex/generic/pgf/systemlayer/pgfsys-pd
ftex.def
File: pgfsys-pdftex.def 2009/05/22  (rcs-revision 1.26)

(/Users/david/Library/texmf/tex/latex/pgf/tex/generic/pgf/systemlayer/pgfsys-co
mmon-pdf.def
File: pgfsys-common-pdf.def 2008/05/19  (rcs-revision 1.10)
)))
(/Users/david/Library/texmf/tex/latex/pgf/tex/generic/pgf/systemlayer/pgfsyssof
tpath.code.tex
File: pgfsyssoftpath.code.tex 2008/07/18  (rcs-revision 1.7)
\pgfsyssoftpath@smallbuffer@items=\count107
\pgfsyssoftpath@bigbuffer@items=\count108
)
(/Users/david/Library/texmf/tex/latex/pgf/tex/generic/pgf/systemlayer/pgfsyspro
tocol.code.tex
File: pgfsysprotocol.code.tex 2006/10/16  (rcs-revision 1.4)
))
(/usr/local/texlive/2007/texmf-dist/tex/latex/xcolor/xcolor.sty
Package: xcolor 2007/01/21 v2.11 LaTeX color extensions (UK)

(/usr/local/texlive/2007/texmf/tex/latex/config/color.cfg
File: color.cfg 2007/01/18 v1.5 color configuration of teTeX/TeXLive
)
Package xcolor Info: Driver file: pdftex.def on input line 225.
Package xcolor Info: Model `cmy' substituted by `cmy0' on input line 1337.
Package xcolor Info: Model `hsb' substituted by `rgb' on input line 1341.
Package xcolor Info: Model `RGB' extended on input line 1353.
Package xcolor Info: Model `HTML' substituted by `rgb' on input line 1355.
Package xcolor Info: Model `Hsb' substituted by `hsb' on input line 1356.
Package xcolor Info: Model `tHsb' substituted by `hsb' on input line 1357.
Package xcolor Info: Model `HSB' substituted by `hsb' on input line 1358.
Package xcolor Info: Model `Gray' substituted by `gray' on input line 1359.
Package xcolor Info: Model `wave' substituted by `hsb' on input line 1360.
)
(/Users/david/Library/texmf/tex/latex/pgf/tex/generic/pgf/basiclayer/pgfcore.co
de.tex
Package: pgfcore 2010/04/11 v2.10 (rcs-revision 1.7)

(/Users/david/Library/texmf/tex/latex/pgf/tex/generic/pgf/math/pgfmath.code.tex

(/Users/david/Library/texmf/tex/latex/pgf/tex/generic/pgf/math/pgfmathcalc.code
.tex
(/Users/david/Library/texmf/tex/latex/pgf/tex/generic/pgf/math/pgfmathutil.code
.tex)
(/Users/david/Library/texmf/tex/latex/pgf/tex/generic/pgf/math/pgfmathparser.co
de.tex
\pgfmath@dimen=\dimen129
\pgfmath@count=\count109
\pgfmath@box=\box35
\pgfmath@toks=\toks19
\pgfmath@stack@operand=\toks20
\pgfmath@stack@operation=\toks21
)
(/Users/david/Library/texmf/tex/latex/pgf/tex/generic/pgf/math/pgfmathfunctions
.code.tex
(/Users/david/Library/texmf/tex/latex/pgf/tex/generic/pgf/math/pgfmathfunctions
.basic.code.tex)
(/Users/david/Library/texmf/tex/latex/pgf/tex/generic/pgf/math/pgfmathfunctions
.trigonometric.code.tex)
(/Users/david/Library/texmf/tex/latex/pgf/tex/generic/pgf/math/pgfmathfunctions
.random.code.tex)
(/Users/david/Library/texmf/tex/latex/pgf/tex/generic/pgf/math/pgfmathfunctions
.comparison.code.tex)
(/Users/david/Library/texmf/tex/latex/pgf/tex/generic/pgf/math/pgfmathfunctions
.base.code.tex)
(/Users/david/Library/texmf/tex/latex/pgf/tex/generic/pgf/math/pgfmathfunctions
.round.code.tex)
(/Users/david/Library/texmf/tex/latex/pgf/tex/generic/pgf/math/pgfmathfunctions
.misc.code.tex)))
(/Users/david/Library/texmf/tex/latex/pgf/tex/generic/pgf/math/pgfmathfloat.cod
e.tex
\c@pgfmathroundto@lastzeros=\count110
))
(/Users/david/Library/texmf/tex/latex/pgf/tex/generic/pgf/basiclayer/pgfcorepoi
nts.code.tex
File: pgfcorepoints.code.tex 2010/04/09  (rcs-revision 1.20)
\pgf@picminx=\dimen130
\pgf@picmaxx=\dimen131
\pgf@picminy=\dimen132
\pgf@picmaxy=\dimen133
\pgf@pathminx=\dimen134
\pgf@pathmaxx=\dimen135
\pgf@pathminy=\dimen136
\pgf@pathmaxy=\dimen137
\pgf@xx=\dimen138
\pgf@xy=\dimen139
\pgf@yx=\dimen140
\pgf@yy=\dimen141
\pgf@zx=\dimen142
\pgf@zy=\dimen143
)
(/Users/david/Library/texmf/tex/latex/pgf/tex/generic/pgf/basiclayer/pgfcorepat
hconstruct.code.tex
File: pgfcorepathconstruct.code.tex 2010/08/03  (rcs-revision 1.24)
\pgf@path@lastx=\dimen144
\pgf@path@lasty=\dimen145
)
(/Users/david/Library/texmf/tex/latex/pgf/tex/generic/pgf/basiclayer/pgfcorepat
husage.code.tex
File: pgfcorepathusage.code.tex 2008/04/22  (rcs-revision 1.12)
\pgf@shorten@end@additional=\dimen146
\pgf@shorten@start@additional=\dimen147
)
(/Users/david/Library/texmf/tex/latex/pgf/tex/generic/pgf/basiclayer/pgfcoresco
pes.code.tex
File: pgfcorescopes.code.tex 2010/09/08  (rcs-revision 1.34)
\pgfpic=\box36
\pgf@hbox=\box37
\pgf@layerbox@main=\box38
\pgf@picture@serial@count=\count111
)
(/Users/david/Library/texmf/tex/latex/pgf/tex/generic/pgf/basiclayer/pgfcoregra
phicstate.code.tex
File: pgfcoregraphicstate.code.tex 2008/04/22  (rcs-revision 1.9)
\pgflinewidth=\dimen148
)
(/Users/david/Library/texmf/tex/latex/pgf/tex/generic/pgf/basiclayer/pgfcoretra
nsformations.code.tex
File: pgfcoretransformations.code.tex 2009/06/10  (rcs-revision 1.11)
\pgf@pt@x=\dimen149
\pgf@pt@y=\dimen150
\pgf@pt@temp=\dimen151
)
(/Users/david/Library/texmf/tex/latex/pgf/tex/generic/pgf/basiclayer/pgfcorequi
ck.code.tex
File: pgfcorequick.code.tex 2008/10/09  (rcs-revision 1.3)
)
(/Users/david/Library/texmf/tex/latex/pgf/tex/generic/pgf/basiclayer/pgfcoreobj
ects.code.tex
File: pgfcoreobjects.code.tex 2006/10/11  (rcs-revision 1.2)
)
(/Users/david/Library/texmf/tex/latex/pgf/tex/generic/pgf/basiclayer/pgfcorepat
hprocessing.code.tex
File: pgfcorepathprocessing.code.tex 2008/10/09  (rcs-revision 1.8)
)
(/Users/david/Library/texmf/tex/latex/pgf/tex/generic/pgf/basiclayer/pgfcorearr
ows.code.tex
File: pgfcorearrows.code.tex 2008/04/23  (rcs-revision 1.11)
)
(/Users/david/Library/texmf/tex/latex/pgf/tex/generic/pgf/basiclayer/pgfcoresha
de.code.tex
File: pgfcoreshade.code.tex 2008/11/23  (rcs-revision 1.13)
\pgf@max=\dimen152
\pgf@sys@shading@range@num=\count112
)
(/Users/david/Library/texmf/tex/latex/pgf/tex/generic/pgf/basiclayer/pgfcoreima
ge.code.tex
File: pgfcoreimage.code.tex 2010/03/25  (rcs-revision 1.16)

(/Users/david/Library/texmf/tex/latex/pgf/tex/generic/pgf/basiclayer/pgfcoreext
ernal.code.tex
File: pgfcoreexternal.code.tex 2010/09/01  (rcs-revision 1.17)
\pgfexternal@startupbox=\box39
))
(/Users/david/Library/texmf/tex/latex/pgf/tex/generic/pgf/basiclayer/pgfcorelay
ers.code.tex
File: pgfcorelayers.code.tex 2010/08/27  (rcs-revision 1.2)
)
(/Users/david/Library/texmf/tex/latex/pgf/tex/generic/pgf/basiclayer/pgfcoretra
nsparency.code.tex
File: pgfcoretransparency.code.tex 2008/01/17  (rcs-revision 1.2)
)
(/Users/david/Library/texmf/tex/latex/pgf/tex/generic/pgf/basiclayer/pgfcorepat
terns.code.tex
File: pgfcorepatterns.code.tex 2009/07/02  (rcs-revision 1.3)
)))
(/Users/david/Library/texmf/tex/latex/pgf/tex/latex/pgf/basiclayer/pgfbaseimage
.sty

Package pgf Warning: This package is obsolete and no longer needed on input lin
e 13.

) (/Users/david/Library/texmf/tex/latex/pgf/tex/latex/pgf/utilities/xxcolor.sty
Package: xxcolor 2003/10/24 ver 0.1
\XC@nummixins=\count113
\XC@countmixins=\count114
) (/usr/local/texlive/2007/texmf-dist/tex/latex/amsfonts/amssymb.sty
Package: amssymb 2002/01/22 v2.2d

(/usr/local/texlive/2007/texmf-dist/tex/latex/amsfonts/amsfonts.sty
Package: amsfonts 2001/10/25 v2.2f
\@emptytoks=\toks22
\symAMSa=\mathgroup4
\symAMSb=\mathgroup5
LaTeX Font Info:    Overwriting math alphabet `\mathfrak' in version `bold'
(Font)                  U/euf/m/n --> U/euf/b/n on input line 132.
))
(/usr/local/texlive/2007/texmf-dist/tex/latex/geometry/geometry.sty
Package: geometry 2002/07/08 v3.2 Page Geometry
\Gm@cnth=\count115
\Gm@cntv=\count116
\c@Gm@tempcnt=\count117
\Gm@bindingoffset=\dimen153
\Gm@wd@mp=\dimen154
\Gm@odd@mp=\dimen155
\Gm@even@mp=\dimen156
\Gm@dimlist=\toks23

(/usr/local/texlive/2007/texmf-dist/tex/xelatex/xetexconfig/geometry.cfg))
(/usr/local/texlive/2007/texmf-dist/tex/latex/hyperref/hyperref.sty
Package: hyperref 2007/02/07 v6.75r Hypertext links for LaTeX
\@linkdim=\dimen157
\Hy@linkcounter=\count118
\Hy@pagecounter=\count119

(/usr/local/texlive/2007/texmf-dist/tex/latex/hyperref/pd1enc.def
File: pd1enc.def 2007/02/07 v6.75r Hyperref: PDFDocEncoding definition (HO)
)
(/usr/local/texlive/2007/texmf/tex/latex/config/hyperref.cfg
File: hyperref.cfg 2002/06/06 v1.2 hyperref configuration of TeXLive
)
(/usr/local/texlive/2007/texmf-dist/tex/latex/oberdiek/kvoptions.sty
Package: kvoptions 2006/08/22 v2.4 Connects package keyval with LaTeX options (
HO)
)
Package hyperref Info: Option `bookmarks' set `true' on input line 2238.
Package hyperref Info: Option `bookmarksopen' set `true' on input line 2238.
Package hyperref Info: Option `implicit' set `false' on input line 2238.
Package hyperref Info: Hyper figures OFF on input line 2288.
Package hyperref Info: Link nesting OFF on input line 2293.
Package hyperref Info: Hyper index ON on input line 2296.
Package hyperref Info: Plain pages OFF on input line 2303.
Package hyperref Info: Backreferencing OFF on input line 2308.

Implicit mode OFF; no redefinition of LaTeX internals
Package hyperref Info: Bookmarks ON on input line 2444.
(/usr/local/texlive/2007/texmf-dist/tex/latex/ltxmisc/url.sty
\Urlmuskip=\muskip10
Package: url 2005/06/27  ver 3.2  Verb mode for urls, etc.
)
LaTeX Info: Redefining \url on input line 2599.
\Fld@menulength=\count120
\Field@Width=\dimen158
\Fld@charsize=\dimen159
\Choice@toks=\toks24
\Field@toks=\toks25
Package hyperref Info: Hyper figures OFF on input line 3102.
Package hyperref Info: Link nesting OFF on input line 3107.
Package hyperref Info: Hyper index ON on input line 3110.
Package hyperref Info: backreferencing OFF on input line 3117.
Package hyperref Info: Link coloring OFF on input line 3122.


Package hyperref Warning: Option `pdfpagelabels' is turned off
(hyperref)                because \thepage is undefined.

Hyperref stopped early
)
*hyperref using default driver hpdftex*
(/usr/local/texlive/2007/texmf-dist/tex/latex/hyperref/hpdftex.def
File: hpdftex.def 2007/02/07 v6.75r Hyperref driver for pdfTeX
\Fld@listcount=\count121
)
(/usr/local/texlive/2007/texmf-dist/tex/latex/base/size11.clo
File: size11.clo 2005/09/16 v1.4f Standard LaTeX file (size option)
)
(/usr/local/texlive/2007/texmf-dist/tex/latex/beamer/beamerbasecompatibility.st
y
Package: beamerbasecompatibility 2005/01/25  (rcs-revision 1.60)
) (/usr/local/texlive/2007/texmf-dist/tex/latex/beamer/beamerbasefont.sty
Package: beamerbasefont 2005/05/17  (rcs-revision 1.15)
)
(/usr/local/texlive/2007/texmf-dist/tex/latex/beamer/beamerbasemisc.sty
Package: beamerbasemisc 2005/05/17  (rcs-revision 1.23)
)
(/usr/local/texlive/2007/texmf-dist/tex/latex/beamer/beamerbasetwoscreens.sty
Package: beamerbasetwoscreens 2005/10/14  (rcs-revision 1.6)
)
(/usr/local/texlive/2007/texmf-dist/tex/latex/beamer/beamerbaseoverlay.sty
Package: beamerbaseoverlay 2005/05/18  (rcs-revision 1.49)
\beamer@argscount=\count122
\beamer@lastskipcover=\skip42
\beamer@trivlistdepth=\count123
)
(/usr/local/texlive/2007/texmf-dist/tex/latex/beamer/beamerbasetitle.sty
Package: beamerbasetitle 2005/10/23  (rcs-revision 1.23)
)
(/usr/local/texlive/2007/texmf-dist/tex/latex/beamer/beamerbasesection.sty
Package: beamerbasesection 2005/04/20  (rcs-revision 1.18)
\c@lecture=\count124
\c@part=\count125
\c@section=\count126
\c@subsection=\count127
\c@subsubsection=\count128
)
(/usr/local/texlive/2007/texmf-dist/tex/latex/beamer/beamerbaseframe.sty
Package: beamerbaseframe 2005/06/02  (rcs-revision 1.58)
\beamer@framebox=\box40
\beamer@frametitlebox=\box41
\beamer@zoombox=\box42
\beamer@zoomcount=\count129
\beamer@zoomframecount=\count130
\beamer@frametextheight=\dimen160
\c@subsectionslide=\count131
\beamer@frametopskip=\skip43
\beamer@framebottomskip=\skip44
\beamer@frametopskipautobreak=\skip45
\beamer@framebottomskipautobreak=\skip46
\beamer@envbody=\toks26
\c@framenumber=\count132
)
(/usr/local/texlive/2007/texmf-dist/tex/latex/beamer/beamerbaseverbatim.sty
Package: beamerbaseverbatim 2005/04/12  (rcs-revision 1.6)
\beamer@verbatimfileout=\write4
)
(/usr/local/texlive/2007/texmf-dist/tex/latex/beamer/beamerbaseframesize.sty
Package: beamerbaseframesize 2005/06/09  (rcs-revision 1.17)
\beamer@splitbox=\box43
\beamer@autobreakcount=\count133
\beamer@autobreaklastheight=\dimen161
\beamer@frametitletoks=\toks27
\beamer@framesubtitletoks=\toks28
)
(/usr/local/texlive/2007/texmf-dist/tex/latex/beamer/beamerbaseframecomponents.
sty
Package: beamerbaseframecomponents 2004/11/08  (rcs-revision 1.40)
\beamer@footins=\box44
) (/usr/local/texlive/2007/texmf-dist/tex/latex/beamer/beamerbasecolor.sty
Package: beamerbasecolor 2005/01/25  (rcs-revision 1.41)
)
(/usr/local/texlive/2007/texmf-dist/tex/latex/beamer/beamerbasenotes.sty
Package: beamerbasenotes 2005/10/14  (rcs-revision 1.22)
\beamer@frameboxcopy=\box45
)
(/usr/local/texlive/2007/texmf-dist/tex/latex/beamer/beamerbasetoc.sty
Package: beamerbasetoc 2004/12/09  (rcs-revision 1.20)
)
(/usr/local/texlive/2007/texmf-dist/tex/latex/beamer/beamerbasetemplates.sty
Package: beamerbasetemplates 2004/10/07  (rcs-revision 1.50)
\beamer@sbttoks=\toks29

(/usr/local/texlive/2007/texmf-dist/tex/latex/beamer/beamerbaseauxtemplates.sty
Package: beamerbaseauxtemplates 2005/06/09  (rcs-revision 1.27)
(/usr/local/texlive/2007/texmf-dist/tex/latex/beamer/beamerbaseboxes.sty
Package: beamerbaseboxes 2005/06/09  (rcs-revision 1.28)
\bmb@box=\box46
\bmb@colorbox=\box47
\bmb@boxshadow=\box48
\bmb@boxshadowball=\box49
\bmb@boxshadowballlarge=\box50
\bmb@temp=\dimen162
\bmb@dima=\dimen163
\bmb@dimb=\dimen164
\bmb@prevheight=\dimen165
)
\beamer@blockheadheight=\dimen166
))
(/usr/local/texlive/2007/texmf-dist/tex/latex/beamer/beamerbaselocalstructure.s
ty
Package: beamerbaselocalstructure 2005/04/20  (rcs-revision 1.51)
 (/usr/local/texlive/2007/texmf-dist/tex/latex/tools/enumerate.sty
Package: enumerate 1999/03/05 v3.00 enumerate extensions (DPC)
\@enLab=\toks30
)
\c@figure=\count134
\c@table=\count135
\abovecaptionskip=\skip47
\belowcaptionskip=\skip48
)
(/usr/local/texlive/2007/texmf-dist/tex/latex/beamer/beamerbasenavigation.sty
Package: beamerbasenavigation 2005/06/01  (rcs-revision 1.34)
)
(/usr/local/texlive/2007/texmf-dist/tex/latex/beamer/beamerbasetheorems.sty
Package: beamerbasetheorems 2005/04/04  (rcs-revision 1.7)

(/usr/local/texlive/2007/texmf-dist/tex/latex/amsmath/amsmath.sty
Package: amsmath 2000/07/18 v2.13 AMS math features
\@mathmargin=\skip49

For additional information on amsmath, use the `?' option.
(/usr/local/texlive/2007/texmf-dist/tex/latex/amsmath/amstext.sty
Package: amstext 2000/06/29 v2.01

(/usr/local/texlive/2007/texmf-dist/tex/latex/amsmath/amsgen.sty
File: amsgen.sty 1999/11/30 v2.0
\@emptytoks=\toks31
\ex@=\dimen167
))
(/usr/local/texlive/2007/texmf-dist/tex/latex/amsmath/amsbsy.sty
Package: amsbsy 1999/11/29 v1.2d
\pmbraise@=\dimen168
)
(/usr/local/texlive/2007/texmf-dist/tex/latex/amsmath/amsopn.sty
Package: amsopn 1999/12/14 v2.01 operator names
)
\inf@bad=\count136
LaTeX Info: Redefining \frac on input line 211.
\uproot@=\count137
\leftroot@=\count138
LaTeX Info: Redefining \overline on input line 307.
\classnum@=\count139
\DOTSCASE@=\count140
LaTeX Info: Redefining \ldots on input line 379.
LaTeX Info: Redefining \dots on input line 382.
LaTeX Info: Redefining \cdots on input line 467.
\Mathstrutbox@=\box51
\strutbox@=\box52
\big@size=\dimen169
LaTeX Font Info:    Redeclaring font encoding OML on input line 567.
LaTeX Font Info:    Redeclaring font encoding OMS on input line 568.
\macc@depth=\count141
\c@MaxMatrixCols=\count142
\dotsspace@=\muskip11
\c@parentequation=\count143
\dspbrk@lvl=\count144
\tag@help=\toks32
\row@=\count145
\column@=\count146
\maxfields@=\count147
\andhelp@=\toks33
\eqnshift@=\dimen170
\alignsep@=\dimen171
\tagshift@=\dimen172
\tagwidth@=\dimen173
\totwidth@=\dimen174
\lineht@=\dimen175
\@envbody=\toks34
\multlinegap=\skip50
\multlinetaggap=\skip51
\mathdisplay@stack=\toks35
LaTeX Info: Redefining \[ on input line 2666.
LaTeX Info: Redefining \] on input line 2667.
)
(/usr/local/texlive/2007/texmf-dist/tex/latex/amscls/amsthm.sty
Package: amsthm 2004/08/06 v2.20
\thm@style=\toks36
\thm@bodyfont=\toks37
\thm@headfont=\toks38
\thm@notefont=\toks39
\thm@headpunct=\toks40
\thm@preskip=\skip52
\thm@postskip=\skip53
\thm@headsep=\skip54
\dth@everypar=\toks41
)
\c@theorem=\count148
)
(/usr/local/texlive/2007/texmf-dist/tex/latex/beamer/beamerbasethemes.sty
Package: beamerbasethemes 2004/10/07  (rcs-revision 1.9)
)
(/usr/local/texlive/2007/texmf-dist/tex/latex/beamer/themes/theme/beamerthemede
fault.sty
Package: beamerthemedefault 2004/10/07  (rcs-revision 1.6)

(/usr/local/texlive/2007/texmf-dist/tex/latex/beamer/themes/font/beamerfontthem
edefault.sty
Package: beamerfontthemedefault 2005/03/15  (rcs-revision 1.12)
)
(/usr/local/texlive/2007/texmf-dist/tex/latex/beamer/themes/color/beamercolorth
emedefault.sty
Package: beamercolorthemedefault 2005/03/15  (rcs-revision 1.27)
)
(/usr/local/texlive/2007/texmf-dist/tex/latex/beamer/themes/inner/beamerinnerth
emedefault.sty
Package: beamerinnerthemedefault 2005/06/17  (rcs-revision 1.19)
\beamer@dima=\dimen176
\beamer@dimb=\dimen177
)
(/usr/local/texlive/2007/texmf-dist/tex/latex/beamer/themes/outer/beamerouterth
emedefault.sty
Package: beamerouterthemedefault 2005/06/09  (rcs-revision 1.13)
)))
(/Users/david/Library/texmf/tex/latex/pgf/tex/latex/pgf/frontendlayer/tikz.sty
(/Users/david/Library/texmf/tex/latex/pgf/tex/latex/pgf/basiclayer/pgf.sty
Package: pgf 2008/01/15 v2.10 (rcs-revision 1.12)

(/Users/david/Library/texmf/tex/latex/pgf/tex/generic/pgf/modules/pgfmoduleshap
es.code.tex
File: pgfmoduleshapes.code.tex 2010/09/09  (rcs-revision 1.13)
\pgfnodeparttextbox=\box53
)
(/Users/david/Library/texmf/tex/latex/pgf/tex/generic/pgf/modules/pgfmoduleplot
.code.tex
File: pgfmoduleplot.code.tex 2010/10/22  (rcs-revision 1.8)
)
(/Users/david/Library/texmf/tex/latex/pgf/tex/latex/pgf/compatibility/pgfcomp-v
ersion-0-65.sty
Package: pgfcomp-version-0-65 2007/07/03 v2.10 (rcs-revision 1.7)
\pgf@nodesepstart=\dimen178
\pgf@nodesepend=\dimen179
)
(/Users/david/Library/texmf/tex/latex/pgf/tex/latex/pgf/compatibility/pgfcomp-v
ersion-1-18.sty
Package: pgfcomp-version-1-18 2007/07/23 v2.10 (rcs-revision 1.1)
))
(/Users/david/Library/texmf/tex/latex/pgf/tex/latex/pgf/utilities/pgffor.sty
(/Users/david/Library/texmf/tex/latex/pgf/tex/latex/pgf/utilities/pgfkeys.sty
(/Users/david/Library/texmf/tex/latex/pgf/tex/generic/pgf/utilities/pgfkeys.cod
e.tex))
(/Users/david/Library/texmf/tex/latex/pgf/tex/generic/pgf/utilities/pgffor.code
.tex
Package: pgffor 2010/03/23 v2.10 (rcs-revision 1.18)
\pgffor@iter=\dimen180
\pgffor@skip=\dimen181
\pgffor@stack=\toks42
\pgffor@toks=\toks43
))
(/Users/david/Library/texmf/tex/latex/pgf/tex/generic/pgf/frontendlayer/tikz/ti
kz.code.tex
Package: tikz 2010/10/13 v2.10 (rcs-revision 1.76)

(/Users/david/Library/texmf/tex/latex/pgf/tex/generic/pgf/libraries/pgflibraryp
lothandlers.code.tex
File: pgflibraryplothandlers.code.tex 2010/05/31 v2.10 (rcs-revision 1.15)
\pgf@plot@mark@count=\count149
\pgfplotmarksize=\dimen182
)
\tikz@lastx=\dimen183
\tikz@lasty=\dimen184
\tikz@lastxsaved=\dimen185
\tikz@lastysaved=\dimen186
\tikzleveldistance=\dimen187
\tikzsiblingdistance=\dimen188
\tikz@figbox=\box54
\tikz@tempbox=\box55
\tikztreelevel=\count150
\tikznumberofchildren=\count151
\tikznumberofcurrentchild=\count152
\tikz@fig@count=\count153

(/Users/david/Library/texmf/tex/latex/pgf/tex/generic/pgf/modules/pgfmodulematr
ix.code.tex
File: pgfmodulematrix.code.tex 2010/08/24  (rcs-revision 1.4)
\pgfmatrixcurrentrow=\count154
\pgfmatrixcurrentcolumn=\count155
\pgf@matrix@numberofcolumns=\count156
)
\tikz@expandcount=\count157

(/Users/david/Library/texmf/tex/latex/pgf/tex/generic/pgf/frontendlayer/tikz/li
braries/tikzlibrarytopaths.code.tex
File: tikzlibrarytopaths.code.tex 2008/06/17 v2.10 (rcs-revision 1.2)
)))
(/Users/david/Library/texmf/tex/latex/pgf/tex/generic/pgf/frontendlayer/tikz/li
braries/tikzlibraryarrows.code.tex
File: tikzlibraryarrows.code.tex 2008/01/09 v2.10 (rcs-revision 1.1)

(/Users/david/Library/texmf/tex/latex/pgf/tex/generic/pgf/libraries/pgflibrarya
rrows.code.tex
File: pgflibraryarrows.code.tex 2008/10/27 v2.10 (rcs-revision 1.9)
\arrowsize=\dimen189
))
(/Users/david/Library/texmf/tex/latex/pgf/tex/generic/pgf/frontendlayer/tikz/li
braries/tikzlibraryshapes.code.tex
File: tikzlibraryshapes.code.tex 2008/01/09 v2.10 (rcs-revision 1.1)

(/Users/david/Library/texmf/tex/latex/pgf/tex/generic/pgf/frontendlayer/tikz/li
braries/tikzlibraryshapes.geometric.code.tex
File: tikzlibraryshapes.geometric.code.tex 2008/01/09 v2.10 (rcs-revision 1.1)

(/Users/david/Library/texmf/tex/latex/pgf/tex/generic/pgf/libraries/shapes/pgfl
ibraryshapes.geometric.code.tex
File: pgflibraryshapes.geometric.code.tex 2008/06/26 v2.10 (rcs-revision 1.1)
))
(/Users/david/Library/texmf/tex/latex/pgf/tex/generic/pgf/frontendlayer/tikz/li
braries/tikzlibraryshapes.misc.code.tex
File: tikzlibraryshapes.misc.code.tex 2008/01/09 v2.10 (rcs-revision 1.1)

(/Users/david/Library/texmf/tex/latex/pgf/tex/generic/pgf/libraries/shapes/pgfl
ibraryshapes.misc.code.tex
File: pgflibraryshapes.misc.code.tex 2008/10/07 v2.10 (rcs-revision 1.3)
))
(/Users/david/Library/texmf/tex/latex/pgf/tex/generic/pgf/frontendlayer/tikz/li
braries/tikzlibraryshapes.symbols.code.tex
File: tikzlibraryshapes.symbols.code.tex 2008/01/09 v2.10 (rcs-revision 1.1)

(/Users/david/Library/texmf/tex/latex/pgf/tex/generic/pgf/libraries/shapes/pgfl
ibraryshapes.symbols.code.tex
File: pgflibraryshapes.symbols.code.tex 2009/10/27 v2.10 (rcs-revision 1.3)
))
(/Users/david/Library/texmf/tex/latex/pgf/tex/generic/pgf/frontendlayer/tikz/li
braries/tikzlibraryshapes.arrows.code.tex
File: tikzlibraryshapes.arrows.code.tex 2008/01/09 v2.10 (rcs-revision 1.1)

(/Users/david/Library/texmf/tex/latex/pgf/tex/generic/pgf/libraries/shapes/pgfl
ibraryshapes.arrows.code.tex
File: pgflibraryshapes.arrows.code.tex 2008/06/26 v2.10 (rcs-revision 1.1)
))
(/Users/david/Library/texmf/tex/latex/pgf/tex/generic/pgf/frontendlayer/tikz/li
braries/tikzlibraryshapes.callouts.code.tex
(/Users/david/Library/texmf/tex/latex/pgf/tex/generic/pgf/libraries/shapes/pgfl
ibraryshapes.callouts.code.tex))
(/Users/david/Library/texmf/tex/latex/pgf/tex/generic/pgf/frontendlayer/tikz/li
braries/tikzlibraryshapes.multipart.code.tex
File: tikzlibraryshapes.multipart.code.tex 2008/01/09 v2.10 (rcs-revision 1.1)

(/Users/david/Library/texmf/tex/latex/pgf/tex/generic/pgf/libraries/shapes/pgfl
ibraryshapes.multipart.code.tex
File: pgflibraryshapes.multipart.code.tex 2010/01/07 v2.10 (rcs-revision 1.2)
\pgfnodepartlowerbox=\box56
\pgfnodeparttwobox=\box57
\pgfnodepartthreebox=\box58
\pgfnodepartfourbox=\box59
\pgfnodeparttwentybox=\box60
\pgfnodepartnineteenbox=\box61
\pgfnodeparteighteenbox=\box62
\pgfnodepartseventeenbox=\box63
\pgfnodepartsixteenbox=\box64
\pgfnodepartfifteenbox=\box65
\pgfnodepartfourteenbox=\box66
\pgfnodepartthirteenbox=\box67
\pgfnodeparttwelvebox=\box68
\pgfnodepartelevenbox=\box69
\pgfnodeparttenbox=\box70
\pgfnodepartninebox=\box71
\pgfnodeparteightbox=\box72
\pgfnodepartsevenbox=\box73
\pgfnodepartsixbox=\box74
\pgfnodepartfivebox=\box75
)))
(/Users/david/Library/texmf/tex/latex/pgf/tex/generic/pgf/frontendlayer/tikz/li
braries/tikzlibrarybackgrounds.code.tex
File: tikzlibrarybackgrounds.code.tex 2010/02/08 v2.10 (rcs-revision 1.2)
\pgf@layerbox@background=\box76
\pgf@layerboxsaved@background=\box77
) (./tikzmacro.sty
(/Users/david/Library/texmf/tex/latex/pgf/tex/generic/pgf/frontendlayer/tikz/li
braries/tikzlibrarydecorations.code.tex
(/Users/david/Library/texmf/tex/latex/pgf/tex/generic/pgf/modules/pgfmoduledeco
rations.code.tex
\pgfdecoratedcompleteddistance=\dimen190
\pgfdecoratedremainingdistance=\dimen191
\pgfdecoratedinputsegmentcompleteddistance=\dimen192
\pgfdecoratedinputsegmentremainingdistance=\dimen193
\pgf@decorate@distancetomove=\dimen194
\pgf@decorate@repeatstate=\count158
\pgfdecorationsegmentamplitude=\dimen195
\pgfdecorationsegmentlength=\dimen196
)
\tikz@lib@dec@box=\box78
)
(/Users/david/Library/texmf/tex/latex/pgf/tex/generic/pgf/frontendlayer/tikz/li
braries/tikzlibraryshadows.code.tex
File: tikzlibraryshadows.code.tex 2008/01/13 v2.10 (rcs-revision 1.3)

(/Users/david/Library/texmf/tex/latex/pgf/tex/generic/pgf/frontendlayer/tikz/li
braries/tikzlibraryfadings.code.tex
File: tikzlibraryfadings.code.tex 2009/11/15 v2.10 (rcs-revision 1.2)

(/Users/david/Library/texmf/tex/latex/pgf/tex/generic/pgf/libraries/pgflibraryf
adings.code.tex
File: pgflibraryfadings.code.tex 2008/02/07 v2.10 (rcs-revision 1.3)
)))
(/Users/david/Library/texmf/tex/latex/pgf/tex/generic/pgf/frontendlayer/tikz/li
braries/tikzlibrarydecorations.pathmorphing.code.tex
(/Users/david/Library/texmf/tex/latex/pgf/tex/generic/pgf/libraries/decorations
/pgflibrarydecorations.pathmorphing.code.tex))
(/Users/david/Library/texmf/tex/latex/pgf/tex/generic/pgf/frontendlayer/tikz/li
braries/tikzlibrarydecorations.shapes.code.tex
(/Users/david/Library/texmf/tex/latex/pgf/tex/generic/pgf/libraries/decorations
/pgflibrarydecorations.shapes.code.tex))
(/Users/david/Library/texmf/tex/latex/pgf/tex/generic/pgf/frontendlayer/tikz/li
braries/tikzlibrarypatterns.code.tex
File: tikzlibrarypatterns.code.tex 2008/01/15 v2.10 (rcs-revision 1.2)

(/Users/david/Library/texmf/tex/latex/pgf/tex/generic/pgf/libraries/pgflibraryp
atterns.code.tex
File: pgflibrarypatterns.code.tex 2008/03/03 v2.10 (rcs-revision 1.13)
))
(/Users/david/Library/texmf/tex/latex/pgf/tex/generic/pgf/frontendlayer/tikz/li
braries/tikzlibrarycalc.code.tex
File: tikzlibrarycalc.code.tex 2009/09/04 v2.10 (rcs-revision 1.6)
)
(/Users/david/Library/texmf/tex/latex/pgf/tex/generic/pgf/frontendlayer/tikz/li
braries/tikzlibrarydecorations.text.code.tex
(/Users/david/Library/texmf/tex/latex/pgf/tex/generic/pgf/libraries/decorations
/pgflibrarydecorations.text.code.tex
\pgf@lib@dec@text@box=\box79
))
(/Users/david/Library/texmf/tex/latex/pgf/tex/generic/pgf/frontendlayer/tikz/li
braries/tikzlibrarydecorations.footprints.code.tex
(/Users/david/Library/texmf/tex/latex/pgf/tex/generic/pgf/libraries/decorations
/pgflibrarydecorations.footprints.code.tex))
(/Users/david/Library/texmf/tex/latex/pgf/tex/generic/pgf/frontendlayer/tikz/li
braries/tikzlibrarydecorations.fractals.code.tex
(/Users/david/Library/texmf/tex/latex/pgf/tex/generic/pgf/libraries/decorations
/pgflibrarydecorations.fractals.code.tex))
(/Users/david/Library/texmf/tex/latex/pgf/tex/generic/pgf/frontendlayer/tikz/li
braries/tikzlibraryshapes.gates.logic.IEC.code.tex
File: tikzlibraryshapes.gates.logic.IEC.code.tex 2008/01/27 v2.10 (rcs-revision
 1.3)

(/Users/david/Library/texmf/tex/latex/pgf/tex/generic/pgf/libraries/shapes/circ
uits/pgflibraryshapes.gates.logic.IEC.code.tex
(/Users/david/Library/texmf/tex/latex/pgf/tex/generic/pgf/libraries/shapes/circ
uits/pgflibraryshapes.gates.logic.code.tex)))
(/Users/david/Library/texmf/tex/latex/pgf/tex/generic/pgf/frontendlayer/tikz/li
braries/tikzlibraryshapes.gates.logic.US.code.tex
File: tikzlibraryshapes.gates.logic.US.code.tex 2008/01/25 v2.10 (rcs-revision 
1.1)

(/Users/david/Library/texmf/tex/latex/pgf/tex/generic/pgf/libraries/shapes/circ
uits/pgflibraryshapes.gates.logic.US.code.tex))
(/Users/david/Library/texmf/tex/latex/pgf/tex/generic/pgf/frontendlayer/tikz/li
braries/tikzlibraryfit.code.tex
File: tikzlibraryfit.code.tex 2008/06/21 v2.10 (rcs-revision 1.3)
)
(/Users/david/Library/texmf/tex/latex/pgf/tex/generic/pgf/frontendlayer/tikz/li
braries/tikzlibrarychains.code.tex
File: tikzlibrarychains.code.tex 2008/02/27 v2.10 (rcs-revision 1.5)

(/Users/david/Library/texmf/tex/latex/pgf/tex/generic/pgf/frontendlayer/tikz/li
braries/tikzlibrarypositioning.code.tex
File: tikzlibrarypositioning.code.tex 2008/10/06 v2.10 (rcs-revision 1.7)
))
(/Users/david/Library/texmf/tex/latex/pgf/tex/generic/pgf/libraries/shapes/pgfl
ibraryshapes.code.tex
File: pgflibraryshapes.code.tex 2008/06/26 v2.10 (rcs-revision 1.1)
)
(/Users/david/Library/texmf/tex/latex/pgf/tex/generic/pgf/frontendlayer/tikz/li
braries/tikzlibraryscopes.code.tex
File: tikzlibraryscopes.code.tex 2008/06/27 v2.10 (rcs-revision 1.2)
)
\pgf@layerbox@b=\box80
\pgf@layerboxsaved@b=\box81
\pgf@layerbox@f=\box82
\pgf@layerboxsaved@f=\box83
)
No file tikz_beamer.aux.
\openout1 = `tikz_beamer.aux'.

LaTeX Font Info:    Checking defaults for OML/cmm/m/it on input line 18.
LaTeX Font Info:    ... okay on input line 18.
LaTeX Font Info:    Checking defaults for T1/cmr/m/n on input line 18.
LaTeX Font Info:    ... okay on input line 18.
LaTeX Font Info:    Checking defaults for OT1/cmr/m/n on input line 18.
LaTeX Font Info:    ... okay on input line 18.
LaTeX Font Info:    Checking defaults for OMS/cmsy/m/n on input line 18.
LaTeX Font Info:    ... okay on input line 18.
LaTeX Font Info:    Checking defaults for OMX/cmex/m/n on input line 18.
LaTeX Font Info:    ... okay on input line 18.
LaTeX Font Info:    Checking defaults for U/cmr/m/n on input line 18.
LaTeX Font Info:    ... okay on input line 18.
LaTeX Font Info:    Checking defaults for PD1/pdf/m/n on input line 18.
LaTeX Font Info:    ... okay on input line 18.
(/usr/local/texlive/2007/texmf-dist/tex/context/base/supp-pdf.tex
[Loading MPS to PDF converter (version 2006.09.02).]
\scratchcounter=\count159
\scratchdimen=\dimen197
\scratchbox=\box84
\nofMPsegments=\count160
\nofMParguments=\count161
\MPscratchCnt=\count162
\MPscratchDim=\dimen198
\MPnumerator=\count163
\everyMPtoPDFconversion=\toks44
) ABD: EveryShipout initializing macros
-------------------- Geometry parameters
paper: user defined
landscape: --
twocolumn: --
twoside: --
asymmetric: --
h-parts: 28.45274pt, 307.28987pt, 28.45274pt
v-parts: 0.0pt, 273.14662pt, 0.0pt
hmarginratio: --
vmarginratio: --
lines: --
heightrounded: --
bindingoffset: 0.0pt
truedimen: --
includehead: true
includefoot: true
includemp: --
driver: pdftex
-------------------- Page layout dimensions and switches
\paperwidth  364.19536pt
\paperheight 273.14662pt
\textwidth  307.28987pt
\textheight 244.6939pt
\oddsidemargin  -43.81725pt
\evensidemargin -43.81725pt
\topmargin  -72.26999pt
\headheight 14.22636pt
\headsep    0.0pt
\footskip   14.22636pt
\marginparwidth 4.0pt
\marginparsep   10.0pt
\columnsep  10.0pt
\skip\footins  10.0pt plus 4.0pt minus 2.0pt
\hoffset 0.0pt
\voffset 0.0pt
\mag 1000

(1in=72.27pt, 1cm=28.45pt)
-----------------------
Package hyperref Info: Link coloring OFF on input line 18.

(/usr/local/texlive/2007/texmf-dist/tex/latex/hyperref/nameref.sty
Package: nameref 2006/12/27 v2.28 Cross-referencing by name of section

(/usr/local/texlive/2007/texmf-dist/tex/latex/oberdiek/refcount.sty
Package: refcount 2006/02/20 v3.0 Data extraction from references (HO)
)
\c@section@level=\count164
)
LaTeX Info: Redefining \ref on input line 18.
LaTeX Info: Redefining \pageref on input line 18.
\@outlinefile=\write5
\openout5 = `tikz_beamer.out'.

LaTeX Font Info:    Overwriting symbol font `operators' in version `normal'
(Font)                  OT1/cmr/m/n --> OT1/cmss/m/n on input line 18.
LaTeX Font Info:    Overwriting symbol font `operators' in version `bold'
(Font)                  OT1/cmr/bx/n --> OT1/cmss/bx/n on input line 18.
\symnumbers=\mathgroup6
\sympureletters=\mathgroup7
LaTeX Font Info:    Overwriting math alphabet `\mathrm' in version `normal'
(Font)                  OT1/cmss/m/n --> OT1/cmr/m/n on input line 18.
LaTeX Font Info:    Redeclaring math alphabet \mathbf on input line 18.
LaTeX Font Info:    Overwriting math alphabet `\mathbf' in version `normal'
(Font)                  OT1/cmr/bx/n --> OT1/cmss/bx/n on input line 18.
LaTeX Font Info:    Overwriting math alphabet `\mathbf' in version `bold'
(Font)                  OT1/cmr/bx/n --> OT1/cmss/bx/n on input line 18.
LaTeX Font Info:    Redeclaring math alphabet \mathsf on input line 18.
LaTeX Font Info:    Overwriting math alphabet `\mathsf' in version `normal'
(Font)                  OT1/cmss/m/n --> OT1/cmss/m/n on input line 18.
LaTeX Font Info:    Overwriting math alphabet `\mathsf' in version `bold'
(Font)                  OT1/cmss/bx/n --> OT1/cmss/m/n on input line 18.
LaTeX Font Info:    Redeclaring math alphabet \mathit on input line 18.
LaTeX Font Info:    Overwriting math alphabet `\mathit' in version `normal'
(Font)                  OT1/cmr/m/it --> OT1/cmss/m/it on input line 18.
LaTeX Font Info:    Overwriting math alphabet `\mathit' in version `bold'
(Font)                  OT1/cmr/bx/it --> OT1/cmss/m/it on input line 18.
LaTeX Font Info:    Redeclaring math alphabet \mathtt on input line 18.
LaTeX Font Info:    Overwriting math alphabet `\mathtt' in version `normal'
(Font)                  OT1/cmtt/m/n --> OT1/cmtt/m/n on input line 18.
LaTeX Font Info:    Overwriting math alphabet `\mathtt' in version `bold'
(Font)                  OT1/cmtt/m/n --> OT1/cmtt/m/n on input line 18.
LaTeX Font Info:    Overwriting symbol font `numbers' in version `bold'
(Font)                  OT1/cmss/m/n --> OT1/cmss/bx/n on input line 18.
LaTeX Font Info:    Overwriting symbol font `pureletters' in version `bold'
(Font)                  OT1/cmss/m/it --> OT1/cmss/bx/it on input line 18.
LaTeX Font Info:    Overwriting math alphabet `\mathrm' in version `bold'
(Font)                  OT1/cmss/bx/n --> OT1/cmr/bx/n on input line 18.
LaTeX Font Info:    Overwriting math alphabet `\mathbf' in version `bold'
(Font)                  OT1/cmss/bx/n --> OT1/cmss/bx/n on input line 18.
LaTeX Font Info:    Overwriting math alphabet `\mathsf' in version `bold'
(Font)                  OT1/cmss/m/n --> OT1/cmss/bx/n on input line 18.
LaTeX Font Info:    Overwriting math alphabet `\mathit' in version `bold'
(Font)                  OT1/cmss/m/it --> OT1/cmss/bx/it on input line 18.
LaTeX Font Info:    Overwriting math alphabet `\mathtt' in version `bold'
(Font)                  OT1/cmtt/m/n --> OT1/cmtt/bx/n on input line 18.

No file tikz_beamer.nav.
LaTeX Font Info:    Try loading font information for U+msa on input line 75.
(/usr/local/texlive/2007/texmf-dist/tex/latex/amsfonts/umsa.fd
File: umsa.fd 2002/01/19 v2.2g AMS font definitions
)
LaTeX Font Info:    Try loading font information for U+msb on input line 75.

(/usr/local/texlive/2007/texmf-dist/tex/latex/amsfonts/umsb.fd
File: umsb.fd 2002/01/19 v2.2g AMS font definitions
)
Missing character: There is no ; in font nullfont!
Missing character: There is no ; in font nullfont!
LaTeX Font Info:    Try loading font information for OMS+cmss on input line 75.

LaTeX Font Info:    No file OMScmss.fd. on input line 75.


LaTeX Font Warning: Font shape `OMS/cmss/m/n' undefined
(Font)              using `OMS/cmsy/m/n' instead
(Font)              for symbol `textbullet' on input line 75.


LaTeX Font Warning: Font shape `OT1/cmss/m/n' in size <4> not available
(Font)              size <5> substituted on input line 75.

[1

{/usr/local/texlive/2007/texmf-var/fonts/map/pdftex/updmap/pdftex.map}]
Missing character: There is no ; in font nullfont!
Missing character: There is no ; in font nullfont!

[2

]
Missing character: There is no ; in font nullfont!
Missing character: There is no ; in font nullfont!
 [3

]
Missing character: There is no ; in font nullfont!
Missing character: There is no ; in font nullfont!
 [4

]
Missing character: There is no ; in font nullfont!
Missing character: There is no ; in font nullfont!
 [5

]
Missing character: There is no ; in font nullfont!
Missing character: There is no ; in font nullfont!
 [6

]
Missing character: There is no ; in font nullfont!
Missing character: There is no ; in font nullfont!
 [7

]
Missing character: There is no ; in font nullfont!
Missing character: There is no ; in font nullfont!
 [8

]
\tf@nav=\write6
\openout6 = `tikz_beamer.nav'.

\tf@toc=\write7
\openout7 = `tikz_beamer.toc'.

\tf@snm=\write8
\openout8 = `tikz_beamer.snm'.

 (./tikz_beamer.aux)

LaTeX Font Warning: Size substitutions with differences
(Font)              up to 1.0pt have occurred.


LaTeX Font Warning: Some font shapes were not available, defaults substituted.

 ) 
Here is how much of TeX's memory you used:
 18385 strings out of 94073
 398410 string characters out of 1162978
 498575 words of memory out of 1500000
 21174 multiletter control sequences out of 10000+50000
 15547 words of font info for 58 fonts, out of 1200000 for 2000
 645 hyphenation exceptions out of 8191
 49i,11n,75p,400b,1017s stack positions out of 5000i,500n,6000p,200000b,5000s
</usr/local/texlive/2007/texmf-dist/fonts/type1/bluesky/cm/cmmi10.pfb></usr/l
ocal/texlive/2007/texmf-dist/fonts/type1/bluesky/cm/cmmi9.pfb></usr/local/texli
ve/2007/texmf-dist/fonts/type1/bluesky/cm/cmss12.pfb></usr/local/texlive/2007/t
exmf-dist/fonts/type1/bluesky/cm/cmss9.pfb></usr/local/texlive/2007/texmf-dist/
fonts/type1/bluesky/cm/cmssi10.pfb></usr/local/texlive/2007/texmf-dist/fonts/ty
pe1/bluesky/cm/cmssi9.pfb></usr/local/texlive/2007/texmf-dist/fonts/type1/blues
ky/cm/cmsy10.pfb>
Output written on tikz_beamer.pdf (8 pages, 43093 bytes).
PDF statistics:
 107 PDF objects out of 1000 (max. 8388607)
 17 named destinations out of 1000 (max. 131072)
 145 words of extra memory for PDF output out of 10000 (max. 10000000)

